<html>
<head>
<title>TestNG:  Default test</title>
<link href="../testng.css" rel="stylesheet" type="text/css" />
<link href="../my-testng.css" rel="stylesheet" type="text/css" />

<style type="text/css">
.log { display: none;} 
.stack-trace { display: none;} 
</style>
<script type="text/javascript">
<!--
function flip(e) {
  current = e.style.display;
  if (current == 'block') {
    e.style.display = 'none';
    return 0;
  }
  else {
    e.style.display = 'block';
    return 1;
  }
}

function toggleBox(szDivId, elem, msg1, msg2)
{
  var res = -1;  if (document.getElementById) {
    res = flip(document.getElementById(szDivId));
  }
  else if (document.all) {
    // this is the way old msie versions work
    res = flip(document.all[szDivId]);
  }
  if(elem) {
    if(res == 0) elem.innerHTML = msg1; else elem.innerHTML = msg2;
  }

}

function toggleAllBoxes() {
  if (document.getElementsByTagName) {
    d = document.getElementsByTagName('div');
    for (i = 0; i < d.length; i++) {
      if (d[i].className == 'log') {
        flip(d[i]);
      }
    }
  }
}

// -->
</script>

</head>
<body>
<h2 align='center'>Default test</h2><table border='1' align="center">
<tr>
<td>Tests passed/Failed/Skipped:</td><td>0/5/0</td>
</tr><tr>
<td>Started on:</td><td>Fri Feb 07 18:34:16 IST 2020</td>
</tr>
<tr><td>Total time:</td><td>2 seconds (2543 ms)</td>
</tr><tr>
<td>Included groups:</td><td></td>
</tr><tr>
<td>Excluded groups:</td><td></td>
</tr>
</table><p/>
<small><i>(Hover the method name to see the test class name)</i></small><p/>
<table width='100%' border='1' class='invocation-failed'>
<tr><td colspan='4' align='center'><b>FAILED TESTS</b></td></tr>
<tr><td><b>Test method</b></td>
<td width="30%"><b>Exception</b></td>
<td width="10%"><b>Time (seconds)</b></td>
<td><b>Instance</b></td>
</tr>
<tr>
<td title='Runners.TestRunner.runScenario()'><b>runScenario</b><br>Test class: Runners.TestRunner<br>Test method: Runs Cucumber Scenarios<br>Parameters: "Select Places and Date for Booking Ticket", "Booking tickets for 2 persons"</td>
<td><div><pre>cucumber.runtime.CucumberException: Could not create a cucumber expression for &apos;Enter Passenger FirstName {string name1}&apos;.
It appears you did not register parameter type. The details are in the stacktrace below.
You can find the documentation here: https://docs.cucumber.io/cucumber/cucumber-expressions/
	at io.cucumber.stepexpression.StepExpressionFactory.registerTypeInConfiguration(StepExpressionFactory.java:93)
	at io.cucumber.stepexpression.StepExpressionFactory.createExpression(StepExpressionFactory.java:65)
	at io.cucumber.stepexpression.StepExpressionFactory.createExpression(StepExpressionFactory.java:54)
	at cucumber.runtime.java.JavaStepDefinition.createExpression(JavaStepDefinition.java:44)
	at cucumber.runtime.java.JavaStepDefinition.&lt;init&gt;(JavaStepDefinition.java:36)
	at cucumber.runtime.java.JavaBackend.addStepDefinition(JavaBackend.java:146)
	at cucumber.runtime.java.MethodScanner.scan(MethodScanner.java:65)
	at cucumber.runtime.java.MethodScanner.scan(MethodScanner.java:42)
	at cucumber.runtime.java.JavaBackend.loadGlue(JavaBackend.java:82)
	at cucumber.runner.Runner.&lt;init&gt;(Runner.java:28)
	at cucumber.runner.ThreadLocalRunnerSupplier.createRunner(ThreadLocalRunnerSupplier.java:44)
	at cucumber.runner.ThreadLocalRunnerSupplier.access$000(ThreadLocalRunnerSupplier.java:15)
	at cucumber.runner.ThreadLocalRunnerSupplier$1.initialValue(ThreadLocalRunnerSupplier.java:24)
	at cucumber.runner.ThreadLocalRunnerSupplier$1.initialValue(ThreadLocalRunnerSupplier.java:21)
	at java.base/java.lang.ThreadLocal.setInitialValue(ThreadLocal.java:195)
	at java.base/java.lang.ThreadLocal.get(ThreadLocal.java:172)
	at cucumber.runner.ThreadLocalRunnerSupplier.get(ThreadLocalRunnerSupplier.java:40)
	at cucumber.api.testng.TestNGCucumberRunner.runScenario(TestNGCucumberRunner.java:66)
	at cucumber.api.testng.AbstractTestNGCucumberTests.runScenario(AbstractTestNGCucumberTests.java:22)
	at java.base/jdk.internal.reflect.NativeMethodAccessorImpl.invoke0(Native Method)
	at java.base/jdk.internal.reflect.NativeMethodAccessorImpl.invoke(NativeMethodAccessorImpl.java:62)
	at java.base/jdk.internal.reflect.DelegatingMethodAccessorImpl.invoke(DelegatingMethodAccessorImpl.java:43)
	at java.base/java.lang.reflect.Method.invoke(Method.java:567)
	at org.testng.internal.MethodInvocationHelper.invokeMethod(MethodInvocationHelper.java:124)
	at org.testng.internal.Invoker.invokeMethod(Invoker.java:583)
	at org.testng.internal.Invoker.invokeTestMethod(Invoker.java:719)
	at org.testng.internal.Invoker.invokeTestMethods(Invoker.java:989)
	at org.testng.internal.TestMethodWorker.invokeTestMethods(TestMethodWorker.java:125)
	at org.testng.internal.TestMethodWorker.run(TestMethodWorker.java:109)
	at org.testng.TestRunner.privateRun(TestRunner.java:648)
	at org.testng.TestRunner.run(TestRunner.java:505)
	at org.testng.SuiteRunner.runTest(SuiteRunner.java:455)
	at org.testng.SuiteRunner.runSequentially(SuiteRunner.java:450)
	at org.testng.SuiteRunner.privateRun(SuiteRunner.java:415)
	at org.testng.SuiteRunner.run(SuiteRunner.java:364)
	at org.testng.SuiteRunnerWorker.runSuite(SuiteRunnerWorker.java:52)
	at org.testng.SuiteRunnerWorker.run(SuiteRunnerWorker.java:84)
	at org.testng.TestNG.runSuitesSequentially(TestNG.java:1208)
	at org.testng.TestNG.runSuitesLocally(TestNG.java:1137)
	at org.testng.TestNG.runSuites(TestNG.java:1049)
	at org.testng.TestNG.run(TestNG.java:1017)
	at org.testng.remote.AbstractRemoteTestNG.run(AbstractRemoteTestNG.java:115)
	at org.testng.remote.RemoteTestNG.initAndRun(RemoteTestNG.java:251)
	at org.testng.remote.RemoteTestNG.main(RemoteTestNG.java:77)
Caused by: io.cucumber.cucumberexpressions.UndefinedParameterTypeException: Undefined parameter type {string name1}. Please register a ParameterType for {string name1}.
	at io.cucumber.cucumberexpressions.CucumberExpression.processParameters(CucumberExpression.java:101)
	at io.cucumber.cucumberexpressions.CucumberExpression.&lt;init&gt;(CucumberExpression.java:32)
	at io.cucumber.cucumberexpressions.ExpressionFactory.createExpression(ExpressionFactory.java:45)
	at io.cucumber.stepexpression.StepExpressionFactory.createExpression(StepExpressionFactory.java:63)
	... 42 more
</pre></div><a href='#' onClick='toggleBox("stack-trace450589816", this, "Click to show all stack frames", "Click to hide stack frames")'>Click to show all stack frames</a>
<div class='stack-trace' id='stack-trace450589816'><pre>cucumber.runtime.CucumberException: Could not create a cucumber expression for &apos;Enter Passenger FirstName {string name1}&apos;.
It appears you did not register parameter type. The details are in the stacktrace below.
You can find the documentation here: https://docs.cucumber.io/cucumber/cucumber-expressions/
	at io.cucumber.stepexpression.StepExpressionFactory.registerTypeInConfiguration(StepExpressionFactory.java:93)
	at io.cucumber.stepexpression.StepExpressionFactory.createExpression(StepExpressionFactory.java:65)
	at io.cucumber.stepexpression.StepExpressionFactory.createExpression(StepExpressionFactory.java:54)
	at cucumber.runtime.java.JavaStepDefinition.createExpression(JavaStepDefinition.java:44)
	at cucumber.runtime.java.JavaStepDefinition.&lt;init&gt;(JavaStepDefinition.java:36)
	at cucumber.runtime.java.JavaBackend.addStepDefinition(JavaBackend.java:146)
	at cucumber.runtime.java.MethodScanner.scan(MethodScanner.java:65)
	at cucumber.runtime.java.MethodScanner.scan(MethodScanner.java:42)
	at cucumber.runtime.java.JavaBackend.loadGlue(JavaBackend.java:82)
	at cucumber.runner.Runner.&lt;init&gt;(Runner.java:28)
	at cucumber.runner.ThreadLocalRunnerSupplier.createRunner(ThreadLocalRunnerSupplier.java:44)
	at cucumber.runner.ThreadLocalRunnerSupplier.access$000(ThreadLocalRunnerSupplier.java:15)
	at cucumber.runner.ThreadLocalRunnerSupplier$1.initialValue(ThreadLocalRunnerSupplier.java:24)
	at cucumber.runner.ThreadLocalRunnerSupplier$1.initialValue(ThreadLocalRunnerSupplier.java:21)
	at java.base/java.lang.ThreadLocal.setInitialValue(ThreadLocal.java:195)
	at java.base/java.lang.ThreadLocal.get(ThreadLocal.java:172)
	at cucumber.runner.ThreadLocalRunnerSupplier.get(ThreadLocalRunnerSupplier.java:40)
	at cucumber.api.testng.TestNGCucumberRunner.runScenario(TestNGCucumberRunner.java:66)
	at cucumber.api.testng.AbstractTestNGCucumberTests.runScenario(AbstractTestNGCucumberTests.java:22)
	at java.base/jdk.internal.reflect.NativeMethodAccessorImpl.invoke0(Native Method)
	at java.base/jdk.internal.reflect.NativeMethodAccessorImpl.invoke(NativeMethodAccessorImpl.java:62)
	at java.base/jdk.internal.reflect.DelegatingMethodAccessorImpl.invoke(DelegatingMethodAccessorImpl.java:43)
	at java.base/java.lang.reflect.Method.invoke(Method.java:567)
	at org.testng.internal.MethodInvocationHelper.invokeMethod(MethodInvocationHelper.java:124)
	at org.testng.internal.Invoker.invokeMethod(Invoker.java:583)
	at org.testng.internal.Invoker.invokeTestMethod(Invoker.java:719)
	at org.testng.internal.Invoker.invokeTestMethods(Invoker.java:989)
	at org.testng.internal.TestMethodWorker.invokeTestMethods(TestMethodWorker.java:125)
	at org.testng.internal.TestMethodWorker.run(TestMethodWorker.java:109)
	at org.testng.TestRunner.privateRun(TestRunner.java:648)
	at org.testng.TestRunner.run(TestRunner.java:505)
	at org.testng.SuiteRunner.runTest(SuiteRunner.java:455)
	at org.testng.SuiteRunner.runSequentially(SuiteRunner.java:450)
	at org.testng.SuiteRunner.privateRun(SuiteRunner.java:415)
	at org.testng.SuiteRunner.run(SuiteRunner.java:364)
	at org.testng.SuiteRunnerWorker.runSuite(SuiteRunnerWorker.java:52)
	at org.testng.SuiteRunnerWorker.run(SuiteRunnerWorker.java:84)
	at org.testng.TestNG.runSuitesSequentially(TestNG.java:1208)
	at org.testng.TestNG.runSuitesLocally(TestNG.java:1137)
	at org.testng.TestNG.runSuites(TestNG.java:1049)
	at org.testng.TestNG.run(TestNG.java:1017)
	at org.testng.remote.AbstractRemoteTestNG.run(AbstractRemoteTestNG.java:115)
	at org.testng.remote.RemoteTestNG.initAndRun(RemoteTestNG.java:251)
	at org.testng.remote.RemoteTestNG.main(RemoteTestNG.java:77)
Caused by: io.cucumber.cucumberexpressions.UndefinedParameterTypeException: Undefined parameter type {string name1}. Please register a ParameterType for {string name1}.
	at io.cucumber.cucumberexpressions.CucumberExpression.processParameters(CucumberExpression.java:101)
	at io.cucumber.cucumberexpressions.CucumberExpression.&lt;init&gt;(CucumberExpression.java:32)
	at io.cucumber.cucumberexpressions.ExpressionFactory.createExpression(ExpressionFactory.java:45)
	at io.cucumber.stepexpression.StepExpressionFactory.createExpression(StepExpressionFactory.java:63)
	... 42 more
</pre></div></td>
<td>0</td>
<td>Runners.TestRunner@1460a8c0</td></tr>
<tr>
<td title='Runners.TestRunner.runScenario()'><b>runScenario</b><br>Test class: Runners.TestRunner<br>Test method: Runs Cucumber Scenarios<br>Parameters: "Book Desired Flight", "Booking tickets for 2 persons"</td>
<td><div><pre>cucumber.runtime.CucumberException: Could not create a cucumber expression for &apos;Enter Passenger FirstName {string name1}&apos;.
It appears you did not register parameter type. The details are in the stacktrace below.
You can find the documentation here: https://docs.cucumber.io/cucumber/cucumber-expressions/
	at io.cucumber.stepexpression.StepExpressionFactory.registerTypeInConfiguration(StepExpressionFactory.java:93)
	at io.cucumber.stepexpression.StepExpressionFactory.createExpression(StepExpressionFactory.java:65)
	at io.cucumber.stepexpression.StepExpressionFactory.createExpression(StepExpressionFactory.java:54)
	at cucumber.runtime.java.JavaStepDefinition.createExpression(JavaStepDefinition.java:44)
	at cucumber.runtime.java.JavaStepDefinition.&lt;init&gt;(JavaStepDefinition.java:36)
	at cucumber.runtime.java.JavaBackend.addStepDefinition(JavaBackend.java:146)
	at cucumber.runtime.java.MethodScanner.scan(MethodScanner.java:65)
	at cucumber.runtime.java.MethodScanner.scan(MethodScanner.java:42)
	at cucumber.runtime.java.JavaBackend.loadGlue(JavaBackend.java:82)
	at cucumber.runner.Runner.&lt;init&gt;(Runner.java:28)
	at cucumber.runner.ThreadLocalRunnerSupplier.createRunner(ThreadLocalRunnerSupplier.java:44)
	at cucumber.runner.ThreadLocalRunnerSupplier.access$000(ThreadLocalRunnerSupplier.java:15)
	at cucumber.runner.ThreadLocalRunnerSupplier$1.initialValue(ThreadLocalRunnerSupplier.java:24)
	at cucumber.runner.ThreadLocalRunnerSupplier$1.initialValue(ThreadLocalRunnerSupplier.java:21)
	at java.base/java.lang.ThreadLocal.setInitialValue(ThreadLocal.java:195)
	at java.base/java.lang.ThreadLocal.get(ThreadLocal.java:172)
	at cucumber.runner.ThreadLocalRunnerSupplier.get(ThreadLocalRunnerSupplier.java:40)
	at cucumber.api.testng.TestNGCucumberRunner.runScenario(TestNGCucumberRunner.java:66)
	at cucumber.api.testng.AbstractTestNGCucumberTests.runScenario(AbstractTestNGCucumberTests.java:22)
	at java.base/jdk.internal.reflect.NativeMethodAccessorImpl.invoke0(Native Method)
	at java.base/jdk.internal.reflect.NativeMethodAccessorImpl.invoke(NativeMethodAccessorImpl.java:62)
	at java.base/jdk.internal.reflect.DelegatingMethodAccessorImpl.invoke(DelegatingMethodAccessorImpl.java:43)
	at java.base/java.lang.reflect.Method.invoke(Method.java:567)
	at org.testng.internal.MethodInvocationHelper.invokeMethod(MethodInvocationHelper.java:124)
	at org.testng.internal.Invoker.invokeMethod(Invoker.java:583)
	at org.testng.internal.Invoker.invokeTestMethod(Invoker.java:719)
	at org.testng.internal.Invoker.invokeTestMethods(Invoker.java:989)
	at org.testng.internal.TestMethodWorker.invokeTestMethods(TestMethodWorker.java:125)
	at org.testng.internal.TestMethodWorker.run(TestMethodWorker.java:109)
	at org.testng.TestRunner.privateRun(TestRunner.java:648)
	at org.testng.TestRunner.run(TestRunner.java:505)
	at org.testng.SuiteRunner.runTest(SuiteRunner.java:455)
	at org.testng.SuiteRunner.runSequentially(SuiteRunner.java:450)
	at org.testng.SuiteRunner.privateRun(SuiteRunner.java:415)
	at org.testng.SuiteRunner.run(SuiteRunner.java:364)
	at org.testng.SuiteRunnerWorker.runSuite(SuiteRunnerWorker.java:52)
	at org.testng.SuiteRunnerWorker.run(SuiteRunnerWorker.java:84)
	at org.testng.TestNG.runSuitesSequentially(TestNG.java:1208)
	at org.testng.TestNG.runSuitesLocally(TestNG.java:1137)
	at org.testng.TestNG.runSuites(TestNG.java:1049)
	at org.testng.TestNG.run(TestNG.java:1017)
	at org.testng.remote.AbstractRemoteTestNG.run(AbstractRemoteTestNG.java:115)
	at org.testng.remote.RemoteTestNG.initAndRun(RemoteTestNG.java:251)
	at org.testng.remote.RemoteTestNG.main(RemoteTestNG.java:77)
Caused by: io.cucumber.cucumberexpressions.UndefinedParameterTypeException: Undefined parameter type {string name1}. Please register a ParameterType for {string name1}.
	at io.cucumber.cucumberexpressions.CucumberExpression.processParameters(CucumberExpression.java:101)
	at io.cucumber.cucumberexpressions.CucumberExpression.&lt;init&gt;(CucumberExpression.java:32)
	at io.cucumber.cucumberexpressions.ExpressionFactory.createExpression(ExpressionFactory.java:45)
	at io.cucumber.stepexpression.StepExpressionFactory.createExpression(StepExpressionFactory.java:63)
	... 42 more
</pre></div><a href='#' onClick='toggleBox("stack-trace913806791", this, "Click to show all stack frames", "Click to hide stack frames")'>Click to show all stack frames</a>
<div class='stack-trace' id='stack-trace913806791'><pre>cucumber.runtime.CucumberException: Could not create a cucumber expression for &apos;Enter Passenger FirstName {string name1}&apos;.
It appears you did not register parameter type. The details are in the stacktrace below.
You can find the documentation here: https://docs.cucumber.io/cucumber/cucumber-expressions/
	at io.cucumber.stepexpression.StepExpressionFactory.registerTypeInConfiguration(StepExpressionFactory.java:93)
	at io.cucumber.stepexpression.StepExpressionFactory.createExpression(StepExpressionFactory.java:65)
	at io.cucumber.stepexpression.StepExpressionFactory.createExpression(StepExpressionFactory.java:54)
	at cucumber.runtime.java.JavaStepDefinition.createExpression(JavaStepDefinition.java:44)
	at cucumber.runtime.java.JavaStepDefinition.&lt;init&gt;(JavaStepDefinition.java:36)
	at cucumber.runtime.java.JavaBackend.addStepDefinition(JavaBackend.java:146)
	at cucumber.runtime.java.MethodScanner.scan(MethodScanner.java:65)
	at cucumber.runtime.java.MethodScanner.scan(MethodScanner.java:42)
	at cucumber.runtime.java.JavaBackend.loadGlue(JavaBackend.java:82)
	at cucumber.runner.Runner.&lt;init&gt;(Runner.java:28)
	at cucumber.runner.ThreadLocalRunnerSupplier.createRunner(ThreadLocalRunnerSupplier.java:44)
	at cucumber.runner.ThreadLocalRunnerSupplier.access$000(ThreadLocalRunnerSupplier.java:15)
	at cucumber.runner.ThreadLocalRunnerSupplier$1.initialValue(ThreadLocalRunnerSupplier.java:24)
	at cucumber.runner.ThreadLocalRunnerSupplier$1.initialValue(ThreadLocalRunnerSupplier.java:21)
	at java.base/java.lang.ThreadLocal.setInitialValue(ThreadLocal.java:195)
	at java.base/java.lang.ThreadLocal.get(ThreadLocal.java:172)
	at cucumber.runner.ThreadLocalRunnerSupplier.get(ThreadLocalRunnerSupplier.java:40)
	at cucumber.api.testng.TestNGCucumberRunner.runScenario(TestNGCucumberRunner.java:66)
	at cucumber.api.testng.AbstractTestNGCucumberTests.runScenario(AbstractTestNGCucumberTests.java:22)
	at java.base/jdk.internal.reflect.NativeMethodAccessorImpl.invoke0(Native Method)
	at java.base/jdk.internal.reflect.NativeMethodAccessorImpl.invoke(NativeMethodAccessorImpl.java:62)
	at java.base/jdk.internal.reflect.DelegatingMethodAccessorImpl.invoke(DelegatingMethodAccessorImpl.java:43)
	at java.base/java.lang.reflect.Method.invoke(Method.java:567)
	at org.testng.internal.MethodInvocationHelper.invokeMethod(MethodInvocationHelper.java:124)
	at org.testng.internal.Invoker.invokeMethod(Invoker.java:583)
	at org.testng.internal.Invoker.invokeTestMethod(Invoker.java:719)
	at org.testng.internal.Invoker.invokeTestMethods(Invoker.java:989)
	at org.testng.internal.TestMethodWorker.invokeTestMethods(TestMethodWorker.java:125)
	at org.testng.internal.TestMethodWorker.run(TestMethodWorker.java:109)
	at org.testng.TestRunner.privateRun(TestRunner.java:648)
	at org.testng.TestRunner.run(TestRunner.java:505)
	at org.testng.SuiteRunner.runTest(SuiteRunner.java:455)
	at org.testng.SuiteRunner.runSequentially(SuiteRunner.java:450)
	at org.testng.SuiteRunner.privateRun(SuiteRunner.java:415)
	at org.testng.SuiteRunner.run(SuiteRunner.java:364)
	at org.testng.SuiteRunnerWorker.runSuite(SuiteRunnerWorker.java:52)
	at org.testng.SuiteRunnerWorker.run(SuiteRunnerWorker.java:84)
	at org.testng.TestNG.runSuitesSequentially(TestNG.java:1208)
	at org.testng.TestNG.runSuitesLocally(TestNG.java:1137)
	at org.testng.TestNG.runSuites(TestNG.java:1049)
	at org.testng.TestNG.run(TestNG.java:1017)
	at org.testng.remote.AbstractRemoteTestNG.run(AbstractRemoteTestNG.java:115)
	at org.testng.remote.RemoteTestNG.initAndRun(RemoteTestNG.java:251)
	at org.testng.remote.RemoteTestNG.main(RemoteTestNG.java:77)
Caused by: io.cucumber.cucumberexpressions.UndefinedParameterTypeException: Undefined parameter type {string name1}. Please register a ParameterType for {string name1}.
	at io.cucumber.cucumberexpressions.CucumberExpression.processParameters(CucumberExpression.java:101)
	at io.cucumber.cucumberexpressions.CucumberExpression.&lt;init&gt;(CucumberExpression.java:32)
	at io.cucumber.cucumberexpressions.ExpressionFactory.createExpression(ExpressionFactory.java:45)
	at io.cucumber.stepexpression.StepExpressionFactory.createExpression(StepExpressionFactory.java:63)
	... 42 more
</pre></div></td>
<td>0</td>
<td>Runners.TestRunner@1460a8c0</td></tr>
<tr>
<td title='Runners.TestRunner.runScenario()'><b>runScenario</b><br>Test class: Runners.TestRunner<br>Test method: Runs Cucumber Scenarios<br>Parameters: "ReviewBooking", "Booking tickets for 2 persons"</td>
<td><div><pre>cucumber.runtime.CucumberException: Could not create a cucumber expression for &apos;Enter Passenger FirstName {string name1}&apos;.
It appears you did not register parameter type. The details are in the stacktrace below.
You can find the documentation here: https://docs.cucumber.io/cucumber/cucumber-expressions/
	at io.cucumber.stepexpression.StepExpressionFactory.registerTypeInConfiguration(StepExpressionFactory.java:93)
	at io.cucumber.stepexpression.StepExpressionFactory.createExpression(StepExpressionFactory.java:65)
	at io.cucumber.stepexpression.StepExpressionFactory.createExpression(StepExpressionFactory.java:54)
	at cucumber.runtime.java.JavaStepDefinition.createExpression(JavaStepDefinition.java:44)
	at cucumber.runtime.java.JavaStepDefinition.&lt;init&gt;(JavaStepDefinition.java:36)
	at cucumber.runtime.java.JavaBackend.addStepDefinition(JavaBackend.java:146)
	at cucumber.runtime.java.MethodScanner.scan(MethodScanner.java:65)
	at cucumber.runtime.java.MethodScanner.scan(MethodScanner.java:42)
	at cucumber.runtime.java.JavaBackend.loadGlue(JavaBackend.java:82)
	at cucumber.runner.Runner.&lt;init&gt;(Runner.java:28)
	at cucumber.runner.ThreadLocalRunnerSupplier.createRunner(ThreadLocalRunnerSupplier.java:44)
	at cucumber.runner.ThreadLocalRunnerSupplier.access$000(ThreadLocalRunnerSupplier.java:15)
	at cucumber.runner.ThreadLocalRunnerSupplier$1.initialValue(ThreadLocalRunnerSupplier.java:24)
	at cucumber.runner.ThreadLocalRunnerSupplier$1.initialValue(ThreadLocalRunnerSupplier.java:21)
	at java.base/java.lang.ThreadLocal.setInitialValue(ThreadLocal.java:195)
	at java.base/java.lang.ThreadLocal.get(ThreadLocal.java:172)
	at cucumber.runner.ThreadLocalRunnerSupplier.get(ThreadLocalRunnerSupplier.java:40)
	at cucumber.api.testng.TestNGCucumberRunner.runScenario(TestNGCucumberRunner.java:66)
	at cucumber.api.testng.AbstractTestNGCucumberTests.runScenario(AbstractTestNGCucumberTests.java:22)
	at java.base/jdk.internal.reflect.NativeMethodAccessorImpl.invoke0(Native Method)
	at java.base/jdk.internal.reflect.NativeMethodAccessorImpl.invoke(NativeMethodAccessorImpl.java:62)
	at java.base/jdk.internal.reflect.DelegatingMethodAccessorImpl.invoke(DelegatingMethodAccessorImpl.java:43)
	at java.base/java.lang.reflect.Method.invoke(Method.java:567)
	at org.testng.internal.MethodInvocationHelper.invokeMethod(MethodInvocationHelper.java:124)
	at org.testng.internal.Invoker.invokeMethod(Invoker.java:583)
	at org.testng.internal.Invoker.invokeTestMethod(Invoker.java:719)
	at org.testng.internal.Invoker.invokeTestMethods(Invoker.java:989)
	at org.testng.internal.TestMethodWorker.invokeTestMethods(TestMethodWorker.java:125)
	at org.testng.internal.TestMethodWorker.run(TestMethodWorker.java:109)
	at org.testng.TestRunner.privateRun(TestRunner.java:648)
	at org.testng.TestRunner.run(TestRunner.java:505)
	at org.testng.SuiteRunner.runTest(SuiteRunner.java:455)
	at org.testng.SuiteRunner.runSequentially(SuiteRunner.java:450)
	at org.testng.SuiteRunner.privateRun(SuiteRunner.java:415)
	at org.testng.SuiteRunner.run(SuiteRunner.java:364)
	at org.testng.SuiteRunnerWorker.runSuite(SuiteRunnerWorker.java:52)
	at org.testng.SuiteRunnerWorker.run(SuiteRunnerWorker.java:84)
	at org.testng.TestNG.runSuitesSequentially(TestNG.java:1208)
	at org.testng.TestNG.runSuitesLocally(TestNG.java:1137)
	at org.testng.TestNG.runSuites(TestNG.java:1049)
	at org.testng.TestNG.run(TestNG.java:1017)
	at org.testng.remote.AbstractRemoteTestNG.run(AbstractRemoteTestNG.java:115)
	at org.testng.remote.RemoteTestNG.initAndRun(RemoteTestNG.java:251)
	at org.testng.remote.RemoteTestNG.main(RemoteTestNG.java:77)
Caused by: io.cucumber.cucumberexpressions.UndefinedParameterTypeException: Undefined parameter type {string name1}. Please register a ParameterType for {string name1}.
	at io.cucumber.cucumberexpressions.CucumberExpression.processParameters(CucumberExpression.java:101)
	at io.cucumber.cucumberexpressions.CucumberExpression.&lt;init&gt;(CucumberExpression.java:32)
	at io.cucumber.cucumberexpressions.ExpressionFactory.createExpression(ExpressionFactory.java:45)
	at io.cucumber.stepexpression.StepExpressionFactory.createExpression(StepExpressionFactory.java:63)
	... 42 more
</pre></div><a href='#' onClick='toggleBox("stack-trace533956291", this, "Click to show all stack frames", "Click to hide stack frames")'>Click to show all stack frames</a>
<div class='stack-trace' id='stack-trace533956291'><pre>cucumber.runtime.CucumberException: Could not create a cucumber expression for &apos;Enter Passenger FirstName {string name1}&apos;.
It appears you did not register parameter type. The details are in the stacktrace below.
You can find the documentation here: https://docs.cucumber.io/cucumber/cucumber-expressions/
	at io.cucumber.stepexpression.StepExpressionFactory.registerTypeInConfiguration(StepExpressionFactory.java:93)
	at io.cucumber.stepexpression.StepExpressionFactory.createExpression(StepExpressionFactory.java:65)
	at io.cucumber.stepexpression.StepExpressionFactory.createExpression(StepExpressionFactory.java:54)
	at cucumber.runtime.java.JavaStepDefinition.createExpression(JavaStepDefinition.java:44)
	at cucumber.runtime.java.JavaStepDefinition.&lt;init&gt;(JavaStepDefinition.java:36)
	at cucumber.runtime.java.JavaBackend.addStepDefinition(JavaBackend.java:146)
	at cucumber.runtime.java.MethodScanner.scan(MethodScanner.java:65)
	at cucumber.runtime.java.MethodScanner.scan(MethodScanner.java:42)
	at cucumber.runtime.java.JavaBackend.loadGlue(JavaBackend.java:82)
	at cucumber.runner.Runner.&lt;init&gt;(Runner.java:28)
	at cucumber.runner.ThreadLocalRunnerSupplier.createRunner(ThreadLocalRunnerSupplier.java:44)
	at cucumber.runner.ThreadLocalRunnerSupplier.access$000(ThreadLocalRunnerSupplier.java:15)
	at cucumber.runner.ThreadLocalRunnerSupplier$1.initialValue(ThreadLocalRunnerSupplier.java:24)
	at cucumber.runner.ThreadLocalRunnerSupplier$1.initialValue(ThreadLocalRunnerSupplier.java:21)
	at java.base/java.lang.ThreadLocal.setInitialValue(ThreadLocal.java:195)
	at java.base/java.lang.ThreadLocal.get(ThreadLocal.java:172)
	at cucumber.runner.ThreadLocalRunnerSupplier.get(ThreadLocalRunnerSupplier.java:40)
	at cucumber.api.testng.TestNGCucumberRunner.runScenario(TestNGCucumberRunner.java:66)
	at cucumber.api.testng.AbstractTestNGCucumberTests.runScenario(AbstractTestNGCucumberTests.java:22)
	at java.base/jdk.internal.reflect.NativeMethodAccessorImpl.invoke0(Native Method)
	at java.base/jdk.internal.reflect.NativeMethodAccessorImpl.invoke(NativeMethodAccessorImpl.java:62)
	at java.base/jdk.internal.reflect.DelegatingMethodAccessorImpl.invoke(DelegatingMethodAccessorImpl.java:43)
	at java.base/java.lang.reflect.Method.invoke(Method.java:567)
	at org.testng.internal.MethodInvocationHelper.invokeMethod(MethodInvocationHelper.java:124)
	at org.testng.internal.Invoker.invokeMethod(Invoker.java:583)
	at org.testng.internal.Invoker.invokeTestMethod(Invoker.java:719)
	at org.testng.internal.Invoker.invokeTestMethods(Invoker.java:989)
	at org.testng.internal.TestMethodWorker.invokeTestMethods(TestMethodWorker.java:125)
	at org.testng.internal.TestMethodWorker.run(TestMethodWorker.java:109)
	at org.testng.TestRunner.privateRun(TestRunner.java:648)
	at org.testng.TestRunner.run(TestRunner.java:505)
	at org.testng.SuiteRunner.runTest(SuiteRunner.java:455)
	at org.testng.SuiteRunner.runSequentially(SuiteRunner.java:450)
	at org.testng.SuiteRunner.privateRun(SuiteRunner.java:415)
	at org.testng.SuiteRunner.run(SuiteRunner.java:364)
	at org.testng.SuiteRunnerWorker.runSuite(SuiteRunnerWorker.java:52)
	at org.testng.SuiteRunnerWorker.run(SuiteRunnerWorker.java:84)
	at org.testng.TestNG.runSuitesSequentially(TestNG.java:1208)
	at org.testng.TestNG.runSuitesLocally(TestNG.java:1137)
	at org.testng.TestNG.runSuites(TestNG.java:1049)
	at org.testng.TestNG.run(TestNG.java:1017)
	at org.testng.remote.AbstractRemoteTestNG.run(AbstractRemoteTestNG.java:115)
	at org.testng.remote.RemoteTestNG.initAndRun(RemoteTestNG.java:251)
	at org.testng.remote.RemoteTestNG.main(RemoteTestNG.java:77)
Caused by: io.cucumber.cucumberexpressions.UndefinedParameterTypeException: Undefined parameter type {string name1}. Please register a ParameterType for {string name1}.
	at io.cucumber.cucumberexpressions.CucumberExpression.processParameters(CucumberExpression.java:101)
	at io.cucumber.cucumberexpressions.CucumberExpression.&lt;init&gt;(CucumberExpression.java:32)
	at io.cucumber.cucumberexpressions.ExpressionFactory.createExpression(ExpressionFactory.java:45)
	at io.cucumber.stepexpression.StepExpressionFactory.createExpression(StepExpressionFactory.java:63)
	... 42 more
</pre></div></td>
<td>0</td>
<td>Runners.TestRunner@1460a8c0</td></tr>
<tr>
<td title='Runners.TestRunner.runScenario()'><b>runScenario</b><br>Test class: Runners.TestRunner<br>Test method: Runs Cucumber Scenarios<br>Parameters: "Entering Traveller Details", "Booking tickets for 2 persons"</td>
<td><div><pre>cucumber.runtime.CucumberException: Could not create a cucumber expression for &apos;Enter Passenger FirstName {string name1}&apos;.
It appears you did not register parameter type. The details are in the stacktrace below.
You can find the documentation here: https://docs.cucumber.io/cucumber/cucumber-expressions/
	at io.cucumber.stepexpression.StepExpressionFactory.registerTypeInConfiguration(StepExpressionFactory.java:93)
	at io.cucumber.stepexpression.StepExpressionFactory.createExpression(StepExpressionFactory.java:65)
	at io.cucumber.stepexpression.StepExpressionFactory.createExpression(StepExpressionFactory.java:54)
	at cucumber.runtime.java.JavaStepDefinition.createExpression(JavaStepDefinition.java:44)
	at cucumber.runtime.java.JavaStepDefinition.&lt;init&gt;(JavaStepDefinition.java:36)
	at cucumber.runtime.java.JavaBackend.addStepDefinition(JavaBackend.java:146)
	at cucumber.runtime.java.MethodScanner.scan(MethodScanner.java:65)
	at cucumber.runtime.java.MethodScanner.scan(MethodScanner.java:42)
	at cucumber.runtime.java.JavaBackend.loadGlue(JavaBackend.java:82)
	at cucumber.runner.Runner.&lt;init&gt;(Runner.java:28)
	at cucumber.runner.ThreadLocalRunnerSupplier.createRunner(ThreadLocalRunnerSupplier.java:44)
	at cucumber.runner.ThreadLocalRunnerSupplier.access$000(ThreadLocalRunnerSupplier.java:15)
	at cucumber.runner.ThreadLocalRunnerSupplier$1.initialValue(ThreadLocalRunnerSupplier.java:24)
	at cucumber.runner.ThreadLocalRunnerSupplier$1.initialValue(ThreadLocalRunnerSupplier.java:21)
	at java.base/java.lang.ThreadLocal.setInitialValue(ThreadLocal.java:195)
	at java.base/java.lang.ThreadLocal.get(ThreadLocal.java:172)
	at cucumber.runner.ThreadLocalRunnerSupplier.get(ThreadLocalRunnerSupplier.java:40)
	at cucumber.api.testng.TestNGCucumberRunner.runScenario(TestNGCucumberRunner.java:66)
	at cucumber.api.testng.AbstractTestNGCucumberTests.runScenario(AbstractTestNGCucumberTests.java:22)
	at java.base/jdk.internal.reflect.NativeMethodAccessorImpl.invoke0(Native Method)
	at java.base/jdk.internal.reflect.NativeMethodAccessorImpl.invoke(NativeMethodAccessorImpl.java:62)
	at java.base/jdk.internal.reflect.DelegatingMethodAccessorImpl.invoke(DelegatingMethodAccessorImpl.java:43)
	at java.base/java.lang.reflect.Method.invoke(Method.java:567)
	at org.testng.internal.MethodInvocationHelper.invokeMethod(MethodInvocationHelper.java:124)
	at org.testng.internal.Invoker.invokeMethod(Invoker.java:583)
	at org.testng.internal.Invoker.invokeTestMethod(Invoker.java:719)
	at org.testng.internal.Invoker.invokeTestMethods(Invoker.java:989)
	at org.testng.internal.TestMethodWorker.invokeTestMethods(TestMethodWorker.java:125)
	at org.testng.internal.TestMethodWorker.run(TestMethodWorker.java:109)
	at org.testng.TestRunner.privateRun(TestRunner.java:648)
	at org.testng.TestRunner.run(TestRunner.java:505)
	at org.testng.SuiteRunner.runTest(SuiteRunner.java:455)
	at org.testng.SuiteRunner.runSequentially(SuiteRunner.java:450)
	at org.testng.SuiteRunner.privateRun(SuiteRunner.java:415)
	at org.testng.SuiteRunner.run(SuiteRunner.java:364)
	at org.testng.SuiteRunnerWorker.runSuite(SuiteRunnerWorker.java:52)
	at org.testng.SuiteRunnerWorker.run(SuiteRunnerWorker.java:84)
	at org.testng.TestNG.runSuitesSequentially(TestNG.java:1208)
	at org.testng.TestNG.runSuitesLocally(TestNG.java:1137)
	at org.testng.TestNG.runSuites(TestNG.java:1049)
	at org.testng.TestNG.run(TestNG.java:1017)
	at org.testng.remote.AbstractRemoteTestNG.run(AbstractRemoteTestNG.java:115)
	at org.testng.remote.RemoteTestNG.initAndRun(RemoteTestNG.java:251)
	at org.testng.remote.RemoteTestNG.main(RemoteTestNG.java:77)
Caused by: io.cucumber.cucumberexpressions.UndefinedParameterTypeException: Undefined parameter type {string name1}. Please register a ParameterType for {string name1}.
	at io.cucumber.cucumberexpressions.CucumberExpression.processParameters(CucumberExpression.java:101)
	at io.cucumber.cucumberexpressions.CucumberExpression.&lt;init&gt;(CucumberExpression.java:32)
	at io.cucumber.cucumberexpressions.ExpressionFactory.createExpression(ExpressionFactory.java:45)
	at io.cucumber.stepexpression.StepExpressionFactory.createExpression(StepExpressionFactory.java:63)
	... 42 more
</pre></div><a href='#' onClick='toggleBox("stack-trace334099170", this, "Click to show all stack frames", "Click to hide stack frames")'>Click to show all stack frames</a>
<div class='stack-trace' id='stack-trace334099170'><pre>cucumber.runtime.CucumberException: Could not create a cucumber expression for &apos;Enter Passenger FirstName {string name1}&apos;.
It appears you did not register parameter type. The details are in the stacktrace below.
You can find the documentation here: https://docs.cucumber.io/cucumber/cucumber-expressions/
	at io.cucumber.stepexpression.StepExpressionFactory.registerTypeInConfiguration(StepExpressionFactory.java:93)
	at io.cucumber.stepexpression.StepExpressionFactory.createExpression(StepExpressionFactory.java:65)
	at io.cucumber.stepexpression.StepExpressionFactory.createExpression(StepExpressionFactory.java:54)
	at cucumber.runtime.java.JavaStepDefinition.createExpression(JavaStepDefinition.java:44)
	at cucumber.runtime.java.JavaStepDefinition.&lt;init&gt;(JavaStepDefinition.java:36)
	at cucumber.runtime.java.JavaBackend.addStepDefinition(JavaBackend.java:146)
	at cucumber.runtime.java.MethodScanner.scan(MethodScanner.java:65)
	at cucumber.runtime.java.MethodScanner.scan(MethodScanner.java:42)
	at cucumber.runtime.java.JavaBackend.loadGlue(JavaBackend.java:82)
	at cucumber.runner.Runner.&lt;init&gt;(Runner.java:28)
	at cucumber.runner.ThreadLocalRunnerSupplier.createRunner(ThreadLocalRunnerSupplier.java:44)
	at cucumber.runner.ThreadLocalRunnerSupplier.access$000(ThreadLocalRunnerSupplier.java:15)
	at cucumber.runner.ThreadLocalRunnerSupplier$1.initialValue(ThreadLocalRunnerSupplier.java:24)
	at cucumber.runner.ThreadLocalRunnerSupplier$1.initialValue(ThreadLocalRunnerSupplier.java:21)
	at java.base/java.lang.ThreadLocal.setInitialValue(ThreadLocal.java:195)
	at java.base/java.lang.ThreadLocal.get(ThreadLocal.java:172)
	at cucumber.runner.ThreadLocalRunnerSupplier.get(ThreadLocalRunnerSupplier.java:40)
	at cucumber.api.testng.TestNGCucumberRunner.runScenario(TestNGCucumberRunner.java:66)
	at cucumber.api.testng.AbstractTestNGCucumberTests.runScenario(AbstractTestNGCucumberTests.java:22)
	at java.base/jdk.internal.reflect.NativeMethodAccessorImpl.invoke0(Native Method)
	at java.base/jdk.internal.reflect.NativeMethodAccessorImpl.invoke(NativeMethodAccessorImpl.java:62)
	at java.base/jdk.internal.reflect.DelegatingMethodAccessorImpl.invoke(DelegatingMethodAccessorImpl.java:43)
	at java.base/java.lang.reflect.Method.invoke(Method.java:567)
	at org.testng.internal.MethodInvocationHelper.invokeMethod(MethodInvocationHelper.java:124)
	at org.testng.internal.Invoker.invokeMethod(Invoker.java:583)
	at org.testng.internal.Invoker.invokeTestMethod(Invoker.java:719)
	at org.testng.internal.Invoker.invokeTestMethods(Invoker.java:989)
	at org.testng.internal.TestMethodWorker.invokeTestMethods(TestMethodWorker.java:125)
	at org.testng.internal.TestMethodWorker.run(TestMethodWorker.java:109)
	at org.testng.TestRunner.privateRun(TestRunner.java:648)
	at org.testng.TestRunner.run(TestRunner.java:505)
	at org.testng.SuiteRunner.runTest(SuiteRunner.java:455)
	at org.testng.SuiteRunner.runSequentially(SuiteRunner.java:450)
	at org.testng.SuiteRunner.privateRun(SuiteRunner.java:415)
	at org.testng.SuiteRunner.run(SuiteRunner.java:364)
	at org.testng.SuiteRunnerWorker.runSuite(SuiteRunnerWorker.java:52)
	at org.testng.SuiteRunnerWorker.run(SuiteRunnerWorker.java:84)
	at org.testng.TestNG.runSuitesSequentially(TestNG.java:1208)
	at org.testng.TestNG.runSuitesLocally(TestNG.java:1137)
	at org.testng.TestNG.runSuites(TestNG.java:1049)
	at org.testng.TestNG.run(TestNG.java:1017)
	at org.testng.remote.AbstractRemoteTestNG.run(AbstractRemoteTestNG.java:115)
	at org.testng.remote.RemoteTestNG.initAndRun(RemoteTestNG.java:251)
	at org.testng.remote.RemoteTestNG.main(RemoteTestNG.java:77)
Caused by: io.cucumber.cucumberexpressions.UndefinedParameterTypeException: Undefined parameter type {string name1}. Please register a ParameterType for {string name1}.
	at io.cucumber.cucumberexpressions.CucumberExpression.processParameters(CucumberExpression.java:101)
	at io.cucumber.cucumberexpressions.CucumberExpression.&lt;init&gt;(CucumberExpression.java:32)
	at io.cucumber.cucumberexpressions.ExpressionFactory.createExpression(ExpressionFactory.java:45)
	at io.cucumber.stepexpression.StepExpressionFactory.createExpression(StepExpressionFactory.java:63)
	... 42 more
</pre></div></td>
<td>0</td>
<td>Runners.TestRunner@1460a8c0</td></tr>
<tr>
<td title='Runners.TestRunner.runScenario()'><b>runScenario</b><br>Test class: Runners.TestRunner<br>Test method: Runs Cucumber Scenarios<br>Parameters: "AddOns", "Booking tickets for 2 persons"</td>
<td><div><pre>cucumber.runtime.CucumberException: Could not create a cucumber expression for &apos;Enter Passenger FirstName {string name1}&apos;.
It appears you did not register parameter type. The details are in the stacktrace below.
You can find the documentation here: https://docs.cucumber.io/cucumber/cucumber-expressions/
	at io.cucumber.stepexpression.StepExpressionFactory.registerTypeInConfiguration(StepExpressionFactory.java:93)
	at io.cucumber.stepexpression.StepExpressionFactory.createExpression(StepExpressionFactory.java:65)
	at io.cucumber.stepexpression.StepExpressionFactory.createExpression(StepExpressionFactory.java:54)
	at cucumber.runtime.java.JavaStepDefinition.createExpression(JavaStepDefinition.java:44)
	at cucumber.runtime.java.JavaStepDefinition.&lt;init&gt;(JavaStepDefinition.java:36)
	at cucumber.runtime.java.JavaBackend.addStepDefinition(JavaBackend.java:146)
	at cucumber.runtime.java.MethodScanner.scan(MethodScanner.java:65)
	at cucumber.runtime.java.MethodScanner.scan(MethodScanner.java:42)
	at cucumber.runtime.java.JavaBackend.loadGlue(JavaBackend.java:82)
	at cucumber.runner.Runner.&lt;init&gt;(Runner.java:28)
	at cucumber.runner.ThreadLocalRunnerSupplier.createRunner(ThreadLocalRunnerSupplier.java:44)
	at cucumber.runner.ThreadLocalRunnerSupplier.access$000(ThreadLocalRunnerSupplier.java:15)
	at cucumber.runner.ThreadLocalRunnerSupplier$1.initialValue(ThreadLocalRunnerSupplier.java:24)
	at cucumber.runner.ThreadLocalRunnerSupplier$1.initialValue(ThreadLocalRunnerSupplier.java:21)
	at java.base/java.lang.ThreadLocal.setInitialValue(ThreadLocal.java:195)
	at java.base/java.lang.ThreadLocal.get(ThreadLocal.java:172)
	at cucumber.runner.ThreadLocalRunnerSupplier.get(ThreadLocalRunnerSupplier.java:40)
	at cucumber.api.testng.TestNGCucumberRunner.runScenario(TestNGCucumberRunner.java:66)
	at cucumber.api.testng.AbstractTestNGCucumberTests.runScenario(AbstractTestNGCucumberTests.java:22)
	at java.base/jdk.internal.reflect.NativeMethodAccessorImpl.invoke0(Native Method)
	at java.base/jdk.internal.reflect.NativeMethodAccessorImpl.invoke(NativeMethodAccessorImpl.java:62)
	at java.base/jdk.internal.reflect.DelegatingMethodAccessorImpl.invoke(DelegatingMethodAccessorImpl.java:43)
	at java.base/java.lang.reflect.Method.invoke(Method.java:567)
	at org.testng.internal.MethodInvocationHelper.invokeMethod(MethodInvocationHelper.java:124)
	at org.testng.internal.Invoker.invokeMethod(Invoker.java:583)
	at org.testng.internal.Invoker.invokeTestMethod(Invoker.java:719)
	at org.testng.internal.Invoker.invokeTestMethods(Invoker.java:989)
	at org.testng.internal.TestMethodWorker.invokeTestMethods(TestMethodWorker.java:125)
	at org.testng.internal.TestMethodWorker.run(TestMethodWorker.java:109)
	at org.testng.TestRunner.privateRun(TestRunner.java:648)
	at org.testng.TestRunner.run(TestRunner.java:505)
	at org.testng.SuiteRunner.runTest(SuiteRunner.java:455)
	at org.testng.SuiteRunner.runSequentially(SuiteRunner.java:450)
	at org.testng.SuiteRunner.privateRun(SuiteRunner.java:415)
	at org.testng.SuiteRunner.run(SuiteRunner.java:364)
	at org.testng.SuiteRunnerWorker.runSuite(SuiteRunnerWorker.java:52)
	at org.testng.SuiteRunnerWorker.run(SuiteRunnerWorker.java:84)
	at org.testng.TestNG.runSuitesSequentially(TestNG.java:1208)
	at org.testng.TestNG.runSuitesLocally(TestNG.java:1137)
	at org.testng.TestNG.runSuites(TestNG.java:1049)
	at org.testng.TestNG.run(TestNG.java:1017)
	at org.testng.remote.AbstractRemoteTestNG.run(AbstractRemoteTestNG.java:115)
	at org.testng.remote.RemoteTestNG.initAndRun(RemoteTestNG.java:251)
	at org.testng.remote.RemoteTestNG.main(RemoteTestNG.java:77)
Caused by: io.cucumber.cucumberexpressions.UndefinedParameterTypeException: Undefined parameter type {string name1}. Please register a ParameterType for {string name1}.
	at io.cucumber.cucumberexpressions.CucumberExpression.processParameters(CucumberExpression.java:101)
	at io.cucumber.cucumberexpressions.CucumberExpression.&lt;init&gt;(CucumberExpression.java:32)
	at io.cucumber.cucumberexpressions.ExpressionFactory.createExpression(ExpressionFactory.java:45)
	at io.cucumber.stepexpression.StepExpressionFactory.createExpression(StepExpressionFactory.java:63)
	... 42 more
</pre></div><a href='#' onClick='toggleBox("stack-trace1011599868", this, "Click to show all stack frames", "Click to hide stack frames")'>Click to show all stack frames</a>
<div class='stack-trace' id='stack-trace1011599868'><pre>cucumber.runtime.CucumberException: Could not create a cucumber expression for &apos;Enter Passenger FirstName {string name1}&apos;.
It appears you did not register parameter type. The details are in the stacktrace below.
You can find the documentation here: https://docs.cucumber.io/cucumber/cucumber-expressions/
	at io.cucumber.stepexpression.StepExpressionFactory.registerTypeInConfiguration(StepExpressionFactory.java:93)
	at io.cucumber.stepexpression.StepExpressionFactory.createExpression(StepExpressionFactory.java:65)
	at io.cucumber.stepexpression.StepExpressionFactory.createExpression(StepExpressionFactory.java:54)
	at cucumber.runtime.java.JavaStepDefinition.createExpression(JavaStepDefinition.java:44)
	at cucumber.runtime.java.JavaStepDefinition.&lt;init&gt;(JavaStepDefinition.java:36)
	at cucumber.runtime.java.JavaBackend.addStepDefinition(JavaBackend.java:146)
	at cucumber.runtime.java.MethodScanner.scan(MethodScanner.java:65)
	at cucumber.runtime.java.MethodScanner.scan(MethodScanner.java:42)
	at cucumber.runtime.java.JavaBackend.loadGlue(JavaBackend.java:82)
	at cucumber.runner.Runner.&lt;init&gt;(Runner.java:28)
	at cucumber.runner.ThreadLocalRunnerSupplier.createRunner(ThreadLocalRunnerSupplier.java:44)
	at cucumber.runner.ThreadLocalRunnerSupplier.access$000(ThreadLocalRunnerSupplier.java:15)
	at cucumber.runner.ThreadLocalRunnerSupplier$1.initialValue(ThreadLocalRunnerSupplier.java:24)
	at cucumber.runner.ThreadLocalRunnerSupplier$1.initialValue(ThreadLocalRunnerSupplier.java:21)
	at java.base/java.lang.ThreadLocal.setInitialValue(ThreadLocal.java:195)
	at java.base/java.lang.ThreadLocal.get(ThreadLocal.java:172)
	at cucumber.runner.ThreadLocalRunnerSupplier.get(ThreadLocalRunnerSupplier.java:40)
	at cucumber.api.testng.TestNGCucumberRunner.runScenario(TestNGCucumberRunner.java:66)
	at cucumber.api.testng.AbstractTestNGCucumberTests.runScenario(AbstractTestNGCucumberTests.java:22)
	at java.base/jdk.internal.reflect.NativeMethodAccessorImpl.invoke0(Native Method)
	at java.base/jdk.internal.reflect.NativeMethodAccessorImpl.invoke(NativeMethodAccessorImpl.java:62)
	at java.base/jdk.internal.reflect.DelegatingMethodAccessorImpl.invoke(DelegatingMethodAccessorImpl.java:43)
	at java.base/java.lang.reflect.Method.invoke(Method.java:567)
	at org.testng.internal.MethodInvocationHelper.invokeMethod(MethodInvocationHelper.java:124)
	at org.testng.internal.Invoker.invokeMethod(Invoker.java:583)
	at org.testng.internal.Invoker.invokeTestMethod(Invoker.java:719)
	at org.testng.internal.Invoker.invokeTestMethods(Invoker.java:989)
	at org.testng.internal.TestMethodWorker.invokeTestMethods(TestMethodWorker.java:125)
	at org.testng.internal.TestMethodWorker.run(TestMethodWorker.java:109)
	at org.testng.TestRunner.privateRun(TestRunner.java:648)
	at org.testng.TestRunner.run(TestRunner.java:505)
	at org.testng.SuiteRunner.runTest(SuiteRunner.java:455)
	at org.testng.SuiteRunner.runSequentially(SuiteRunner.java:450)
	at org.testng.SuiteRunner.privateRun(SuiteRunner.java:415)
	at org.testng.SuiteRunner.run(SuiteRunner.java:364)
	at org.testng.SuiteRunnerWorker.runSuite(SuiteRunnerWorker.java:52)
	at org.testng.SuiteRunnerWorker.run(SuiteRunnerWorker.java:84)
	at org.testng.TestNG.runSuitesSequentially(TestNG.java:1208)
	at org.testng.TestNG.runSuitesLocally(TestNG.java:1137)
	at org.testng.TestNG.runSuites(TestNG.java:1049)
	at org.testng.TestNG.run(TestNG.java:1017)
	at org.testng.remote.AbstractRemoteTestNG.run(AbstractRemoteTestNG.java:115)
	at org.testng.remote.RemoteTestNG.initAndRun(RemoteTestNG.java:251)
	at org.testng.remote.RemoteTestNG.main(RemoteTestNG.java:77)
Caused by: io.cucumber.cucumberexpressions.UndefinedParameterTypeException: Undefined parameter type {string name1}. Please register a ParameterType for {string name1}.
	at io.cucumber.cucumberexpressions.CucumberExpression.processParameters(CucumberExpression.java:101)
	at io.cucumber.cucumberexpressions.CucumberExpression.&lt;init&gt;(CucumberExpression.java:32)
	at io.cucumber.cucumberexpressions.ExpressionFactory.createExpression(ExpressionFactory.java:45)
	at io.cucumber.stepexpression.StepExpressionFactory.createExpression(StepExpressionFactory.java:63)
	... 42 more
</pre></div></td>
<td>0</td>
<td>Runners.TestRunner@1460a8c0</td></tr>
</table><p>
</body>
</html>