<?xml version="1.0" encoding="UTF-8"?>
<!-- Generated by org.testng.reporters.JUnitXMLReporter -->
<testsuite ignored="0" hostname="Poojas-MacBook-Pro.local" failures="1" tests="1" name="Command line test" time="2.186" errors="0" timestamp="05 Feb 2020 13:45:32 GMT">
  <testcase classname="cucumber.api.testng.AbstractTestNGCucumberTests" name="runScenario" time="0.001">
    <failure type="cucumber.runtime.CucumberException" message="gherkin.ParserException$CompositeParserException: Parser errors:
(1:1): expected: #EOF, #Language, #TagLine, #FeatureLine, #Comment, #Empty, got &amp;apos;Feature : Booking tickets for 2 persons&amp;apos;
(3:1): expected: #EOF, #Language, #TagLine, #FeatureLine, #Comment, #Empty, got &amp;apos;Scenario: Select Places and Date for Booking Ticket&amp;apos;
(4:1): expected: #EOF, #Language, #TagLine, #FeatureLine, #Comment, #Empty, got &amp;apos;Given Launch MakeMyTrip URL&amp;apos;
(5:1): expected: #EOF, #Language, #TagLine, #FeatureLine, #Comment, #Empty, got &amp;apos;When Select Desired Flight ,Schedule&amp;apos;
(6:1): expected: #EOF, #Language, #TagLine, #FeatureLine, #Comment, #Empty, got &amp;apos;And Click Search&amp;apos;
(7:1): expected: #EOF, #Language, #TagLine, #FeatureLine, #Comment, #Empty, got &amp;apos;Then Validate Search for Flights&amp;apos;
(9:1): expected: #EOF, #Language, #TagLine, #FeatureLine, #Comment, #Empty, got &amp;apos;Scenario: Book Desired Flight&amp;apos;
(10:1): expected: #EOF, #Language, #TagLine, #FeatureLine, #Comment, #Empty, got &amp;apos;When Select Flight&amp;apos;
(11:1): expected: #EOF, #Language, #TagLine, #FeatureLine, #Comment, #Empty, got &amp;apos;And Click BookNow&amp;apos;
(12:1): expected: #EOF, #Language, #TagLine, #FeatureLine, #Comment, #Empty, got &amp;apos;And Click Continue&amp;apos;
(13:1): expected: #EOF, #Language, #TagLine, #FeatureLine, #Comment, #Empty, got &amp;apos;Then Validate BookingReview&amp;apos;">
      <![CDATA[cucumber.runtime.CucumberException: gherkin.ParserException$CompositeParserException: Parser errors:
(1:1): expected: #EOF, #Language, #TagLine, #FeatureLine, #Comment, #Empty, got 'Feature : Booking tickets for 2 persons'
(3:1): expected: #EOF, #Language, #TagLine, #FeatureLine, #Comment, #Empty, got 'Scenario: Select Places and Date for Booking Ticket'
(4:1): expected: #EOF, #Language, #TagLine, #FeatureLine, #Comment, #Empty, got 'Given Launch MakeMyTrip URL'
(5:1): expected: #EOF, #Language, #TagLine, #FeatureLine, #Comment, #Empty, got 'When Select Desired Flight ,Schedule'
(6:1): expected: #EOF, #Language, #TagLine, #FeatureLine, #Comment, #Empty, got 'And Click Search'
(7:1): expected: #EOF, #Language, #TagLine, #FeatureLine, #Comment, #Empty, got 'Then Validate Search for Flights'
(9:1): expected: #EOF, #Language, #TagLine, #FeatureLine, #Comment, #Empty, got 'Scenario: Book Desired Flight'
(10:1): expected: #EOF, #Language, #TagLine, #FeatureLine, #Comment, #Empty, got 'When Select Flight'
(11:1): expected: #EOF, #Language, #TagLine, #FeatureLine, #Comment, #Empty, got 'And Click BookNow'
(12:1): expected: #EOF, #Language, #TagLine, #FeatureLine, #Comment, #Empty, got 'And Click Continue'
(13:1): expected: #EOF, #Language, #TagLine, #FeatureLine, #Comment, #Empty, got 'Then Validate BookingReview'
at cucumber.runtime.model.FeatureBuilder.parse(FeatureBuilder.java:60)
at cucumber.runtime.model.FeatureLoader.loadFromFeaturePath(FeatureLoader.java:113)
at cucumber.runtime.model.FeatureLoader.load(FeatureLoader.java:48)
at cucumber.runtime.model.FeatureLoader.load(FeatureLoader.java:30)
at cucumber.runtime.FeaturePathFeatureSupplier.get(FeaturePathFeatureSupplier.java:22)
at cucumber.api.testng.TestNGCucumberRunner.getFeatures(TestNGCucumberRunner.java:107)
at cucumber.api.testng.TestNGCucumberRunner.provideScenarios(TestNGCucumberRunner.java:88)
at cucumber.api.testng.AbstractTestNGCucumberTests.scenarios(AbstractTestNGCucumberTests.java:35)
Caused by: gherkin.ParserException$CompositeParserException: Parser errors:
(1:1): expected: #EOF, #Language, #TagLine, #FeatureLine, #Comment, #Empty, got 'Feature : Booking tickets for 2 persons'
(3:1): expected: #EOF, #Language, #TagLine, #FeatureLine, #Comment, #Empty, got 'Scenario: Select Places and Date for Booking Ticket'
(4:1): expected: #EOF, #Language, #TagLine, #FeatureLine, #Comment, #Empty, got 'Given Launch MakeMyTrip URL'
(5:1): expected: #EOF, #Language, #TagLine, #FeatureLine, #Comment, #Empty, got 'When Select Desired Flight ,Schedule'
(6:1): expected: #EOF, #Language, #TagLine, #FeatureLine, #Comment, #Empty, got 'And Click Search'
(7:1): expected: #EOF, #Language, #TagLine, #FeatureLine, #Comment, #Empty, got 'Then Validate Search for Flights'
(9:1): expected: #EOF, #Language, #TagLine, #FeatureLine, #Comment, #Empty, got 'Scenario: Book Desired Flight'
(10:1): expected: #EOF, #Language, #TagLine, #FeatureLine, #Comment, #Empty, got 'When Select Flight'
(11:1): expected: #EOF, #Language, #TagLine, #FeatureLine, #Comment, #Empty, got 'And Click BookNow'
(12:1): expected: #EOF, #Language, #TagLine, #FeatureLine, #Comment, #Empty, got 'And Click Continue'
(13:1): expected: #EOF, #Language, #TagLine, #FeatureLine, #Comment, #Empty, got 'Then Validate BookingReview'
at gherkin.Parser.addError(Parser.java:152)
at gherkin.Parser.matchTokenAt_0(Parser.java:491)
at gherkin.Parser.matchToken(Parser.java:337)
at gherkin.Parser.parse(Parser.java:137)
at gherkin.Parser.parse(Parser.java:118)
at gherkin.Parser.parse(Parser.java:114)
at cucumber.runtime.model.FeatureBuilder.parse(FeatureBuilder.java:56)
... 46 more
... Removed 39 stack frames]]>
    </failure>
  </testcase> <!-- runScenario -->
</testsuite> <!-- Command line test -->
