<?xml version="1.0" encoding="UTF-8" ?>
<testsuite tests="1" failures="1" name="TestSuite" time="0.008" errors="0" skipped="0">
  <properties>
    <property name="java.runtime.name" value="Java(TM) SE Runtime Environment"/>
    <property name="java.vm.version" value="13.0.1+9"/>
    <property name="sun.boot.library.path" value="/Library/Java/JavaVirtualMachines/jdk-13.0.1.jdk/Contents/Home/lib"/>
    <property name="maven.multiModuleProjectDirectory" value="/Users/poojabhandari/Desktop/SELENIUM_TRAINING/AUTOMATION_code/TicketBooking"/>
    <property name="java.vm.vendor" value="Oracle Corporation"/>
    <property name="java.vendor.url" value="https://java.oracle.com/"/>
    <property name="guice.disable.misplaced.annotation.check" value="true"/>
    <property name="path.separator" value=":"/>
    <property name="java.vm.name" value="Java HotSpot(TM) 64-Bit Server VM"/>
    <property name="user.country" value="IN"/>
    <property name="sun.java.launcher" value="SUN_STANDARD"/>
    <property name="java.vm.specification.name" value="Java Virtual Machine Specification"/>
    <property name="user.dir" value="/Users/poojabhandari/Desktop/SELENIUM_TRAINING/AUTOMATION_code/TicketBooking"/>
    <property name="java.vm.compressedOopsMode" value="Zero based"/>
    <property name="java.runtime.version" value="13.0.1+9"/>
    <property name="os.arch" value="x86_64"/>
    <property name="java.io.tmpdir" value="/var/folders/gv/mllqbt8534ncx84q92wgxcxr0000gn/T/"/>
    <property name="line.separator" value="
"/>
    <property name="java.vm.specification.vendor" value="Oracle Corporation"/>
    <property name="os.name" value="Mac OS X"/>
    <property name="classworlds.conf" value="/Users/poojabhandari/Desktop/SELENIUM_TRAINING/AUTOMATION_code/.metadata/.plugins/org.eclipse.m2e.launching/launches/m2conf16178699927466920681.tmp"/>
    <property name="sun.jnu.encoding" value="UTF-8"/>
    <property name="java.library.path" value="/Users/poojabhandari/Library/Java/Extensions:/Library/Java/Extensions:/Network/Library/Java/Extensions:/System/Library/Java/Extensions:/usr/lib/java:."/>
    <property name="jdk.debug" value="release"/>
    <property name="java.class.version" value="57.0"/>
    <property name="java.specification.name" value="Java Platform API Specification"/>
    <property name="sun.management.compiler" value="HotSpot 64-Bit Tiered Compilers"/>
    <property name="os.version" value="10.13.6"/>
    <property name="http.nonProxyHosts" value="local|*.local|169.254/16|*.169.254/16"/>
    <property name="user.home" value="/Users/poojabhandari"/>
    <property name="user.timezone" value="Asia/Kolkata"/>
    <property name="file.encoding" value="UTF-8"/>
    <property name="java.specification.version" value="13"/>
    <property name="user.name" value="poojabhandari"/>
    <property name="java.class.path" value="/Applications/Eclipse.app/Contents/Eclipse/plugins/org.eclipse.m2e.maven.runtime_1.13.0.20190716-1623/jars/plexus-classworlds-2.6.0.jar"/>
    <property name="java.vm.specification.version" value="13"/>
    <property name="sun.arch.data.model" value="64"/>
    <property name="sun.java.command" value="org.codehaus.plexus.classworlds.launcher.Launcher -B test"/>
    <property name="java.home" value="/Library/Java/JavaVirtualMachines/jdk-13.0.1.jdk/Contents/Home"/>
    <property name="user.language" value="en"/>
    <property name="java.specification.vendor" value="Oracle Corporation"/>
    <property name="java.vm.info" value="mixed mode, sharing"/>
    <property name="java.version" value="13.0.1"/>
    <property name="java.vendor" value="Oracle Corporation"/>
    <property name="maven.home" value="/Users/poojabhandari/Desktop/SELENIUM_TRAINING/AUTOMATION_code/TicketBooking/EMBEDDED"/>
    <property name="file.separator" value="/"/>
    <property name="java.version.date" value="2019-10-15"/>
    <property name="java.vendor.url.bug" value="https://bugreport.java.com/bugreport/"/>
    <property name="sun.io.unicode.encoding" value="UnicodeBig"/>
    <property name="sun.cpu.endian" value="little"/>
    <property name="socksNonProxyHosts" value="local|*.local|169.254/16|*.169.254/16"/>
    <property name="ftp.nonProxyHosts" value="local|*.local|169.254/16|*.169.254/16"/>
  </properties>
  <testcase classname="Runners.TestRunner" name="runScenario" time="0.008">
    <failure message="gherkin.ParserException$CompositeParserException: Parser errors:
(1:1): expected: #EOF, #Language, #TagLine, #FeatureLine, #Comment, #Empty, got &apos;Feature : Booking tickets for 2 persons&apos;
(3:1): expected: #EOF, #Language, #TagLine, #FeatureLine, #Comment, #Empty, got &apos;Scenario: Select Places and Date for Booking Ticket&apos;
(4:1): expected: #EOF, #Language, #TagLine, #FeatureLine, #Comment, #Empty, got &apos;Given Launch MakeMyTrip URL&apos;
(5:1): expected: #EOF, #Language, #TagLine, #FeatureLine, #Comment, #Empty, got &apos;When Select Desired Flight ,Schedule&apos;
(6:1): expected: #EOF, #Language, #TagLine, #FeatureLine, #Comment, #Empty, got &apos;And Click Search&apos;
(7:1): expected: #EOF, #Language, #TagLine, #FeatureLine, #Comment, #Empty, got &apos;Then Validate Search for Flights&apos;
(9:1): expected: #EOF, #Language, #TagLine, #FeatureLine, #Comment, #Empty, got &apos;Scenario: Book Desired Flight&apos;
(10:1): expected: #EOF, #Language, #TagLine, #FeatureLine, #Comment, #Empty, got &apos;When Select Flight&apos;
(11:1): expected: #EOF, #Language, #TagLine, #FeatureLine, #Comment, #Empty, got &apos;And Click BookNow&apos;
(12:1): expected: #EOF, #Language, #TagLine, #FeatureLine, #Comment, #Empty, got &apos;And Click Continue&apos;
(13:1): expected: #EOF, #Language, #TagLine, #FeatureLine, #Comment, #Empty, got &apos;Then Validate BookingReview&apos;" type="cucumber.runtime.CucumberException">cucumber.runtime.CucumberException: gherkin.ParserException$CompositeParserException: Parser errors:
(1:1): expected: #EOF, #Language, #TagLine, #FeatureLine, #Comment, #Empty, got &apos;Feature : Booking tickets for 2 persons&apos;
(3:1): expected: #EOF, #Language, #TagLine, #FeatureLine, #Comment, #Empty, got &apos;Scenario: Select Places and Date for Booking Ticket&apos;
(4:1): expected: #EOF, #Language, #TagLine, #FeatureLine, #Comment, #Empty, got &apos;Given Launch MakeMyTrip URL&apos;
(5:1): expected: #EOF, #Language, #TagLine, #FeatureLine, #Comment, #Empty, got &apos;When Select Desired Flight ,Schedule&apos;
(6:1): expected: #EOF, #Language, #TagLine, #FeatureLine, #Comment, #Empty, got &apos;And Click Search&apos;
(7:1): expected: #EOF, #Language, #TagLine, #FeatureLine, #Comment, #Empty, got &apos;Then Validate Search for Flights&apos;
(9:1): expected: #EOF, #Language, #TagLine, #FeatureLine, #Comment, #Empty, got &apos;Scenario: Book Desired Flight&apos;
(10:1): expected: #EOF, #Language, #TagLine, #FeatureLine, #Comment, #Empty, got &apos;When Select Flight&apos;
(11:1): expected: #EOF, #Language, #TagLine, #FeatureLine, #Comment, #Empty, got &apos;And Click BookNow&apos;
(12:1): expected: #EOF, #Language, #TagLine, #FeatureLine, #Comment, #Empty, got &apos;And Click Continue&apos;
(13:1): expected: #EOF, #Language, #TagLine, #FeatureLine, #Comment, #Empty, got &apos;Then Validate BookingReview&apos;
	at cucumber.runtime.model.FeatureBuilder.parse(FeatureBuilder.java:60)
	at cucumber.runtime.model.FeatureLoader.loadFromFeaturePath(FeatureLoader.java:113)
	at cucumber.runtime.model.FeatureLoader.load(FeatureLoader.java:48)
	at cucumber.runtime.model.FeatureLoader.load(FeatureLoader.java:30)
	at cucumber.runtime.FeaturePathFeatureSupplier.get(FeaturePathFeatureSupplier.java:22)
	at cucumber.api.testng.TestNGCucumberRunner.getFeatures(TestNGCucumberRunner.java:107)
	at cucumber.api.testng.TestNGCucumberRunner.provideScenarios(TestNGCucumberRunner.java:88)
	at cucumber.api.testng.AbstractTestNGCucumberTests.scenarios(AbstractTestNGCucumberTests.java:35)
	at java.base/jdk.internal.reflect.NativeMethodAccessorImpl.invoke0(Native Method)
	at java.base/jdk.internal.reflect.NativeMethodAccessorImpl.invoke(NativeMethodAccessorImpl.java:62)
	at java.base/jdk.internal.reflect.DelegatingMethodAccessorImpl.invoke(DelegatingMethodAccessorImpl.java:43)
	at java.base/java.lang.reflect.Method.invoke(Method.java:567)
	at org.testng.internal.MethodInvocationHelper.invokeMethod(MethodInvocationHelper.java:124)
	at org.testng.internal.MethodInvocationHelper.invokeMethod(MethodInvocationHelper.java:74)
	at org.testng.internal.MethodInvocationHelper.invokeMethodNoCheckedException(MethodInvocationHelper.java:45)
	at org.testng.internal.MethodInvocationHelper.invokeDataProvider(MethodInvocationHelper.java:131)
	at org.testng.internal.Parameters.handleParameters(Parameters.java:706)
	at org.testng.internal.ParameterHandler.handleParameters(ParameterHandler.java:49)
	at org.testng.internal.ParameterHandler.createParameters(ParameterHandler.java:37)
	at org.testng.internal.Invoker.invokeTestMethods(Invoker.java:924)
	at org.testng.internal.TestMethodWorker.invokeTestMethods(TestMethodWorker.java:125)
	at org.testng.internal.TestMethodWorker.run(TestMethodWorker.java:109)
	at org.testng.TestRunner.privateRun(TestRunner.java:648)
	at org.testng.TestRunner.run(TestRunner.java:505)
	at org.testng.SuiteRunner.runTest(SuiteRunner.java:455)
	at org.testng.SuiteRunner.runSequentially(SuiteRunner.java:450)
	at org.testng.SuiteRunner.privateRun(SuiteRunner.java:415)
	at org.testng.SuiteRunner.run(SuiteRunner.java:364)
	at org.testng.SuiteRunnerWorker.runSuite(SuiteRunnerWorker.java:52)
	at org.testng.SuiteRunnerWorker.run(SuiteRunnerWorker.java:84)
	at org.testng.TestNG.runSuitesSequentially(TestNG.java:1208)
	at org.testng.TestNG.runSuitesLocally(TestNG.java:1137)
	at org.testng.TestNG.runSuites(TestNG.java:1049)
	at org.testng.TestNG.run(TestNG.java:1017)
	at org.apache.maven.surefire.testng.TestNGExecutor.run(TestNGExecutor.java:77)
	at org.apache.maven.surefire.testng.TestNGDirectoryTestSuite.executeMulti(TestNGDirectoryTestSuite.java:159)
	at org.apache.maven.surefire.testng.TestNGDirectoryTestSuite.execute(TestNGDirectoryTestSuite.java:99)
	at org.apache.maven.surefire.testng.TestNGProvider.invoke(TestNGProvider.java:106)
	at java.base/jdk.internal.reflect.NativeMethodAccessorImpl.invoke0(Native Method)
	at java.base/jdk.internal.reflect.NativeMethodAccessorImpl.invoke(NativeMethodAccessorImpl.java:62)
	at java.base/jdk.internal.reflect.DelegatingMethodAccessorImpl.invoke(DelegatingMethodAccessorImpl.java:43)
	at java.base/java.lang.reflect.Method.invoke(Method.java:567)
	at org.apache.maven.surefire.util.ReflectionUtils.invokeMethodWithArray(ReflectionUtils.java:189)
	at org.apache.maven.surefire.booter.ProviderFactory$ProviderProxy.invoke(ProviderFactory.java:165)
	at org.apache.maven.surefire.booter.ProviderFactory.invokeProvider(ProviderFactory.java:85)
	at org.apache.maven.surefire.booter.ForkedBooter.runSuitesInProcess(ForkedBooter.java:115)
	at org.apache.maven.surefire.booter.ForkedBooter.main(ForkedBooter.java:75)
Caused by: gherkin.ParserException$CompositeParserException: Parser errors:
(1:1): expected: #EOF, #Language, #TagLine, #FeatureLine, #Comment, #Empty, got &apos;Feature : Booking tickets for 2 persons&apos;
(3:1): expected: #EOF, #Language, #TagLine, #FeatureLine, #Comment, #Empty, got &apos;Scenario: Select Places and Date for Booking Ticket&apos;
(4:1): expected: #EOF, #Language, #TagLine, #FeatureLine, #Comment, #Empty, got &apos;Given Launch MakeMyTrip URL&apos;
(5:1): expected: #EOF, #Language, #TagLine, #FeatureLine, #Comment, #Empty, got &apos;When Select Desired Flight ,Schedule&apos;
(6:1): expected: #EOF, #Language, #TagLine, #FeatureLine, #Comment, #Empty, got &apos;And Click Search&apos;
(7:1): expected: #EOF, #Language, #TagLine, #FeatureLine, #Comment, #Empty, got &apos;Then Validate Search for Flights&apos;
(9:1): expected: #EOF, #Language, #TagLine, #FeatureLine, #Comment, #Empty, got &apos;Scenario: Book Desired Flight&apos;
(10:1): expected: #EOF, #Language, #TagLine, #FeatureLine, #Comment, #Empty, got &apos;When Select Flight&apos;
(11:1): expected: #EOF, #Language, #TagLine, #FeatureLine, #Comment, #Empty, got &apos;And Click BookNow&apos;
(12:1): expected: #EOF, #Language, #TagLine, #FeatureLine, #Comment, #Empty, got &apos;And Click Continue&apos;
(13:1): expected: #EOF, #Language, #TagLine, #FeatureLine, #Comment, #Empty, got &apos;Then Validate BookingReview&apos;
	at gherkin.Parser.addError(Parser.java:152)
	at gherkin.Parser.matchTokenAt_0(Parser.java:491)
	at gherkin.Parser.matchToken(Parser.java:337)
	at gherkin.Parser.parse(Parser.java:137)
	at gherkin.Parser.parse(Parser.java:118)
	at gherkin.Parser.parse(Parser.java:114)
	at cucumber.runtime.model.FeatureBuilder.parse(FeatureBuilder.java:56)
	... 46 more
Caused by: gherkin.ParserException$CompositeParserException: Parser errors:
(1:1): expected: #EOF, #Language, #TagLine, #FeatureLine, #Comment, #Empty, got &apos;Feature : Booking tickets for 2 persons&apos;
(3:1): expected: #EOF, #Language, #TagLine, #FeatureLine, #Comment, #Empty, got &apos;Scenario: Select Places and Date for Booking Ticket&apos;
(4:1): expected: #EOF, #Language, #TagLine, #FeatureLine, #Comment, #Empty, got &apos;Given Launch MakeMyTrip URL&apos;
(5:1): expected: #EOF, #Language, #TagLine, #FeatureLine, #Comment, #Empty, got &apos;When Select Desired Flight ,Schedule&apos;
(6:1): expected: #EOF, #Language, #TagLine, #FeatureLine, #Comment, #Empty, got &apos;And Click Search&apos;
(7:1): expected: #EOF, #Language, #TagLine, #FeatureLine, #Comment, #Empty, got &apos;Then Validate Search for Flights&apos;
(9:1): expected: #EOF, #Language, #TagLine, #FeatureLine, #Comment, #Empty, got &apos;Scenario: Book Desired Flight&apos;
(10:1): expected: #EOF, #Language, #TagLine, #FeatureLine, #Comment, #Empty, got &apos;When Select Flight&apos;
(11:1): expected: #EOF, #Language, #TagLine, #FeatureLine, #Comment, #Empty, got &apos;And Click BookNow&apos;
(12:1): expected: #EOF, #Language, #TagLine, #FeatureLine, #Comment, #Empty, got &apos;And Click Continue&apos;
(13:1): expected: #EOF, #Language, #TagLine, #FeatureLine, #Comment, #Empty, got &apos;Then Validate BookingReview&apos;
	at gherkin.Parser.addError(Parser.java:152)
	at gherkin.Parser.matchTokenAt_0(Parser.java:491)
	at gherkin.Parser.matchToken(Parser.java:337)
	at gherkin.Parser.parse(Parser.java:137)
	at gherkin.Parser.parse(Parser.java:118)
	at gherkin.Parser.parse(Parser.java:114)
	at cucumber.runtime.model.FeatureBuilder.parse(FeatureBuilder.java:56)
	... 46 more
</failure>
    <system-out>Configuring TestNG with: org.apache.maven.surefire.testng.conf.TestNG652Configurator@5f150435
</system-out>
    <system-err>Starting ChromeDriver 79.0.3945.36 (3582db32b33893869b8c1339e8f4d9ed1816f143-refs/branch-heads/3945@{#614}) on port 2712
Only local connections are allowed.
Please protect ports used by ChromeDriver and related test frameworks to prevent access by malicious code.
Feb 05, 2020 7:15:32 PM org.openqa.selenium.remote.ProtocolHandshake createSession
INFO: Detected dialect: W3C
</system-err>
  </testcase>
</testsuite>